Flow report for seven_seg_decoder_7447
Mon Aug  4 08:46:35 2025
Quartus Prime Version 22.1std.1 Build 917 02/14/2023 SC Lite Edition


---------------------
; Table of Contents ;
---------------------
  1. Legal Notice
  2. Flow Summary
  3. Flow Settings
  4. Flow Non-Default Global Settings
  5. Flow Elapsed Time
  6. Flow OS Summary
  7. Flow Log
  8. Flow Messages
  9. Flow Suppressed Messages



----------------
; Legal Notice ;
----------------
Copyright (C) 2023  Intel Corporation. All rights reserved.
Your use of Intel Corporation's design tools, logic functions 
and other software and tools, and any partner logic 
functions, and any output files from any of the foregoing 
(including device programming or simulation files), and any 
associated documentation or information are expressly subject 
to the terms and conditions of the Intel Program License 
Subscription Agreement, the Intel Quartus Prime License Agreement,
the Intel FPGA IP License Agreement, or other applicable license
agreement, including, without limitation, that your use is for
the sole purpose of programming logic devices manufactured by
Intel and sold by Intel or its authorized distributors.  Please
refer to the applicable agreement for further details, at
https://fpgasoftware.intel.com/eula.



+----------------------------------------------------------------------------------+
; Flow Summary                                                                     ;
+---------------------------------+------------------------------------------------+
; Flow Status                     ; Successful - Mon Aug  4 08:46:35 2025          ;
; Quartus Prime Version           ; 22.1std.1 Build 917 02/14/2023 SC Lite Edition ;
; Revision Name                   ; seven_seg_decoder_7447                         ;
; Top-level Entity Name           ; seven_seg_decoder_7447                         ;
; Family                          ; Cyclone V                                      ;
; Device                          ; 5CSEMA5F31C6                                   ;
; Timing Models                   ; Final                                          ;
; Logic utilization (in ALMs)     ; 4 / 32,070 ( < 1 % )                           ;
; Total registers                 ; 0                                              ;
; Total pins                      ; 11 / 457 ( 2 % )                               ;
; Total virtual pins              ; 0                                              ;
; Total block memory bits         ; 0 / 4,065,280 ( 0 % )                          ;
; Total DSP Blocks                ; 0 / 87 ( 0 % )                                 ;
; Total HSSI RX PCSs              ; 0                                              ;
; Total HSSI PMA RX Deserializers ; 0                                              ;
; Total HSSI TX PCSs              ; 0                                              ;
; Total HSSI PMA TX Serializers   ; 0                                              ;
; Total PLLs                      ; 0 / 6 ( 0 % )                                  ;
; Total DLLs                      ; 0 / 4 ( 0 % )                                  ;
+---------------------------------+------------------------------------------------+


+--------------------------------------------+
; Flow Settings                              ;
+-------------------+------------------------+
; Option            ; Setting                ;
+-------------------+------------------------+
; Start date & time ; 08/04/2025 08:38:12    ;
; Main task         ; Compilation            ;
; Revision Name     ; seven_seg_decoder_7447 ;
+-------------------+------------------------+


+------------------------------------------------------------------------------------------------------------------------------------------------+
; Flow Non-Default Global Settings                                                                                                               ;
+-------------------------------------+----------------------------------------+---------------+-------------+-----------------------------------+
; Assignment Name                     ; Value                                  ; Default Value ; Entity Name ; Section Id                        ;
+-------------------------------------+----------------------------------------+---------------+-------------+-----------------------------------+
; COMPILER_SIGNATURE_ID               ; 1096212298750.175431109215888          ; --            ; --          ; --                                ;
; EDA_GENERATE_FUNCTIONAL_NETLIST     ; Off                                    ; --            ; --          ; eda_board_design_timing           ;
; EDA_GENERATE_FUNCTIONAL_NETLIST     ; Off                                    ; --            ; --          ; eda_board_design_boundary_scan    ;
; EDA_GENERATE_FUNCTIONAL_NETLIST     ; Off                                    ; --            ; --          ; eda_board_design_signal_integrity ;
; EDA_GENERATE_FUNCTIONAL_NETLIST     ; Off                                    ; --            ; --          ; eda_board_design_symbol           ;
; EDA_OUTPUT_DATA_FORMAT              ; Verilog Hdl                            ; --            ; --          ; eda_simulation                    ;
; EDA_SIMULATION_TOOL                 ; Questa Intel FPGA (Verilog)            ; <None>        ; --          ; --                                ;
; EDA_TIME_SCALE                      ; 1 ps                                   ; --            ; --          ; eda_simulation                    ;
; PARTITION_COLOR                     ; -- (Not supported for targeted family) ; --            ; --          ; Top                               ;
; PARTITION_FITTER_PRESERVATION_LEVEL ; -- (Not supported for targeted family) ; --            ; --          ; Top                               ;
; PARTITION_NETLIST_TYPE              ; -- (Not supported for targeted family) ; --            ; --          ; Top                               ;
; PROJECT_OUTPUT_DIRECTORY            ; output_files                           ; --            ; --          ; --                                ;
+-------------------------------------+----------------------------------------+---------------+-------------+-----------------------------------+


+--------------------------------------------------------------------------------------------------------------------------+
; Flow Elapsed Time                                                                                                        ;
+----------------------+--------------+-------------------------+---------------------+------------------------------------+
; Module Name          ; Elapsed Time ; Average Processors Used ; Peak Virtual Memory ; Total CPU Time (on all processors) ;
+----------------------+--------------+-------------------------+---------------------+------------------------------------+
; Analysis & Synthesis ; 00:00:15     ; 1.0                     ; 4882 MB             ; 00:00:23                           ;
; Fitter               ; 00:04:12     ; 1.0                     ; 7316 MB             ; 00:25:23                           ;
; Assembler            ; 00:00:09     ; 1.0                     ; 5245 MB             ; 00:00:05                           ;
; Timing Analyzer      ; 00:00:08     ; 1.1                     ; 5395 MB             ; 00:00:04                           ;
; EDA Netlist Writer   ; 00:00:05     ; 1.0                     ; 4751 MB             ; 00:00:01                           ;
; EDA Netlist Writer   ; 00:00:05     ; 1.0                     ; 4750 MB             ; 00:00:01                           ;
; EDA Netlist Writer   ; 00:00:05     ; 1.0                     ; 4751 MB             ; 00:00:01                           ;
; Total                ; 00:04:59     ; --                      ; --                  ; 00:25:58                           ;
+----------------------+--------------+-------------------------+---------------------+------------------------------------+


+------------------------------------------------------------------------------------+
; Flow OS Summary                                                                    ;
+----------------------+------------------+------------+------------+----------------+
; Module Name          ; Machine Hostname ; OS Name    ; OS Version ; Processor type ;
+----------------------+------------------+------------+------------+----------------+
; Analysis & Synthesis ; adamp            ; Windows 10 ; 10.0       ; x86_64         ;
; Fitter               ; adamp            ; Windows 10 ; 10.0       ; x86_64         ;
; Assembler            ; adamp            ; Windows 10 ; 10.0       ; x86_64         ;
; Timing Analyzer      ; adamp            ; Windows 10 ; 10.0       ; x86_64         ;
; EDA Netlist Writer   ; adamp            ; Windows 10 ; 10.0       ; x86_64         ;
; EDA Netlist Writer   ; adamp            ; Windows 10 ; 10.0       ; x86_64         ;
; EDA Netlist Writer   ; adamp            ; Windows 10 ; 10.0       ; x86_64         ;
+----------------------+------------------+------------+------------+----------------+


------------
; Flow Log ;
------------
quartus_map --read_settings_files=on --write_settings_files=off seven_seg_decoder_7447 -c seven_seg_decoder_7447
quartus_fit --read_settings_files=off --write_settings_files=off seven_seg_decoder_7447 -c seven_seg_decoder_7447
quartus_asm --read_settings_files=off --write_settings_files=off seven_seg_decoder_7447 -c seven_seg_decoder_7447
quartus_sta seven_seg_decoder_7447 -c seven_seg_decoder_7447
quartus_eda --read_settings_files=off --write_settings_files=off seven_seg_decoder_7447 -c seven_seg_decoder_7447
quartus_eda --gen_testbench --tool=modelsim_oem --format=verilog --write_settings_files=off seven_seg_decoder_7447 -c seven_seg_decoder_7447 --vector_source=C:/Users/adamp/Documents/Digital/Digital/Breadboard/7400-Series-IC-Digital-Circuits/6_7-Segment_HEX_Decoder/7447/quartus/Waveform.vwf --testbench_file=C:/Users/adamp/Documents/Digital/Digital/Breadboard/7400-Series-IC-Digital-Circuits/6_7-Segment_HEX_Decoder/7447/quartus/simulation/qsim/Waveform.vwf.vt
quartus_eda --write_settings_files=off --simulation=on --functional=on --flatten_buses=off --tool=modelsim_oem --format=verilog --output_directory=C:/Users/adamp/Documents/Digital/Digital/Breadboard/7400-Series-IC-Digital-Circuits/6_7-Segment_HEX_Decoder/7447/quartus/simulation/qsim/ seven_seg_decoder_7447 -c seven_seg_decoder_7447



