Assembler report for binary_counter_adder_4bit
Thu Jul 31 02:24:20 2025
Quartus Prime Version 22.1std.1 Build 917 02/14/2023 SC Lite Edition


---------------------
; Table of Contents ;
---------------------
  1. Legal Notice
  2. Assembler Summary
  3. Assembler Settings
  4. Assembler Generated Files
  5. Assembler Device Options: C:/Users/adamp/Documents/Digital/Digital/Breadboard/7400-Series-IC-Digital-Circuits/5_Binary_Adder_Module/quartus/output_files/binary_counter_adder_4bit.sof
  6. Assembler Messages



----------------
; Legal Notice ;
----------------
Copyright (C) 2023  Intel Corporation. All rights reserved.
Your use of Intel Corporation's design tools, logic functions 
and other software and tools, and any partner logic 
functions, and any output files from any of the foregoing 
(including device programming or simulation files), and any 
associated documentation or information are expressly subject 
to the terms and conditions of the Intel Program License 
Subscription Agreement, the Intel Quartus Prime License Agreement,
the Intel FPGA IP License Agreement, or other applicable license
agreement, including, without limitation, that your use is for
the sole purpose of programming logic devices manufactured by
Intel and sold by Intel or its authorized distributors.  Please
refer to the applicable agreement for further details, at
https://fpgasoftware.intel.com/eula.



+---------------------------------------------------------------+
; Assembler Summary                                             ;
+-----------------------+---------------------------------------+
; Assembler Status      ; Successful - Thu Jul 31 02:24:20 2025 ;
; Revision Name         ; binary_counter_adder_4bit             ;
; Top-level Entity Name ; binary_counter_adder_4bit             ;
; Family                ; Cyclone V                             ;
; Device                ; 5CSEMA5F31C6                          ;
+-----------------------+---------------------------------------+


+----------------------------------+
; Assembler Settings               ;
+--------+---------+---------------+
; Option ; Setting ; Default Value ;
+--------+---------+---------------+


+--------------------------------------------------------------------------------------------------------------------------------------------------------------+
; Assembler Generated Files                                                                                                                                    ;
+--------------------------------------------------------------------------------------------------------------------------------------------------------------+
; File Name                                                                                                                                                    ;
+--------------------------------------------------------------------------------------------------------------------------------------------------------------+
; C:/Users/adamp/Documents/Digital/Digital/Breadboard/7400-Series-IC-Digital-Circuits/5_Binary_Adder_Module/quartus/output_files/binary_counter_adder_4bit.sof ;
+--------------------------------------------------------------------------------------------------------------------------------------------------------------+


+----------------------------------------------------------------------------------------------------------------------------------------------------------------------------------------+
; Assembler Device Options: C:/Users/adamp/Documents/Digital/Digital/Breadboard/7400-Series-IC-Digital-Circuits/5_Binary_Adder_Module/quartus/output_files/binary_counter_adder_4bit.sof ;
+----------------+-----------------------------------------------------------------------------------------------------------------------------------------------------------------------+
; Option         ; Setting                                                                                                                                                               ;
+----------------+-----------------------------------------------------------------------------------------------------------------------------------------------------------------------+
; JTAG usercode  ; 0x00AF83BD                                                                                                                                                            ;
; Checksum       ; 0x00AF83BD                                                                                                                                                            ;
+----------------+-----------------------------------------------------------------------------------------------------------------------------------------------------------------------+


+--------------------+
; Assembler Messages ;
+--------------------+
Info: *******************************************************************
Info: Running Quartus Prime Assembler
    Info: Version 22.1std.1 Build 917 02/14/2023 SC Lite Edition
    Info: Processing started: Thu Jul 31 02:24:11 2025
Info: Command: quartus_asm --read_settings_files=off --write_settings_files=off binary_counter_adder_4bit -c binary_counter_adder_4bit
Warning (18236): Number of processors has not been specified which may cause overloading on shared machines.  Set the global assignment NUM_PARALLEL_PROCESSORS in your QSF to an appropriate value for best performance.
Info (115030): Assembler is generating device programming files
Info: Quartus Prime Assembler was successful. 0 errors, 3 warnings
    Info: Peak virtual memory: 5246 megabytes
    Info: Processing ended: Thu Jul 31 02:24:20 2025
    Info: Elapsed time: 00:00:09
    Info: Total CPU time (on all processors): 00:00:05


